# JRE version: OpenJDK Runtime Environment (15.0.1+9) (build 15.0.1+9-18)
# Java VM: OpenJDK 64-Bit Server VM (15.0.1+9-18, mixed mode, tiered, compressed oops, g1 gc, windows-amd64)
GC Precious Log:
 CPUs: 4 total, 4 available
 Memory: 8083M
 Large Page Support: Disabled
 NUMA Support: Disabled
 Compressed Oops: Enabled (32-bit)
 Heap Region Size: 1M
 Heap Min Capacity: 8M
 Heap Initial Capacity: 128M
 Heap Max Capacity: 2022M
 Pre-touch: Disabled
 Parallel Workers: 4
 Concurrent Workers: 1
 Concurrent Refinement Workers: 4
 Periodic GC: Disabled
Heap:
 garbage-first heap   total 84992K, used 37354K [0x0000000081a00000, 0x0000000100000000)
  region size 1024K, 9 young (9216K), 3 survivors (3072K)
 Metaspace       used 74826K, capacity 75298K, committed 75648K, reserved 1116160K
  class space    used 9309K, capacity 9495K, committed 9600K, reserved 1048576K
GC Heap History (20 events):
Event: 2.796 GC heap before
{Heap before GC invocations=9 (full 0):
 garbage-first heap   total 51200K, used 26322K [0x0000000081a00000, 0x0000000100000000)
  region size 1024K, 18 young (18432K), 4 survivors (4096K)
 Metaspace       used 35421K, capacity 35773K, committed 35840K, reserved 1081344K
  class space    used 4182K, capacity 4302K, committed 4352K, reserved 1048576K
}
Event: 2.803 GC heap after
{Heap after GC invocations=10 (full 0):
 garbage-first heap   total 61440K, used 14742K [0x0000000081a00000, 0x0000000100000000)
  region size 1024K, 4 young (4096K), 4 survivors (4096K)
 Metaspace       used 35421K, capacity 35773K, committed 35840K, reserved 1081344K
  class space    used 4182K, capacity 4302K, committed 4352K, reserved 1048576K
}
Event: 3.034 GC heap before
{Heap before GC invocations=11 (full 0):
 garbage-first heap   total 58368K, used 44438K [0x0000000081a00000, 0x0000000100000000)
  region size 1024K, 34 young (34816K), 4 survivors (4096K)
 Metaspace       used 37664K, capacity 38028K, committed 38144K, reserved 1083392K
  class space    used 4403K, capacity 4500K, committed 4608K, reserved 1048576K
}
Event: 3.041 GC heap after
{Heap after GC invocations=12 (full 0):
 garbage-first heap   total 58368K, used 16035K [0x0000000081a00000, 0x0000000100000000)
  region size 1024K, 3 young (3072K), 3 survivors (3072K)
 Metaspace       used 37664K, capacity 38028K, committed 38144K, reserved 1083392K
  class space    used 4403K, capacity 4500K, committed 4608K, reserved 1048576K
}
Event: 3.292 GC heap before
{Heap before GC invocations=12 (full 0):
 garbage-first heap   total 58368K, used 42659K [0x0000000081a00000, 0x0000000100000000)
  region size 1024K, 30 young (30720K), 3 survivors (3072K)
 Metaspace       used 39025K, capacity 39417K, committed 39552K, reserved 1083392K
  class space    used 4575K, capacity 4727K, committed 4736K, reserved 1048576K
}
Event: 3.296 GC heap after
{Heap after GC invocations=13 (full 0):
 garbage-first heap   total 58368K, used 16353K [0x0000000081a00000, 0x0000000100000000)
  region size 1024K, 2 young (2048K), 2 survivors (2048K)
 Metaspace       used 39025K, capacity 39417K, committed 39552K, reserved 1083392K
  class space    used 4575K, capacity 4727K, committed 4736K, reserved 1048576K
}
Event: 3.873 GC heap before
{Heap before GC invocations=13 (full 0):
 garbage-first heap   total 58368K, used 42977K [0x0000000081a00000, 0x0000000100000000)
  region size 1024K, 29 young (29696K), 2 survivors (2048K)
 Metaspace       used 46469K, capacity 46873K, committed 46976K, reserved 1091584K
  class space    used 5623K, capacity 5760K, committed 5760K, reserved 1048576K
}
Event: 3.877 GC heap after
{Heap after GC invocations=14 (full 0):
 garbage-first heap   total 58368K, used 18768K [0x0000000081a00000, 0x0000000100000000)
  region size 1024K, 4 young (4096K), 4 survivors (4096K)
 Metaspace       used 46469K, capacity 46873K, committed 46976K, reserved 1091584K
  class space    used 5623K, capacity 5760K, committed 5760K, reserved 1048576K
}
Event: 4.292 GC heap before
{Heap before GC invocations=14 (full 0):
 garbage-first heap   total 58368K, used 43344K [0x0000000081a00000, 0x0000000100000000)
  region size 1024K, 29 young (29696K), 4 survivors (4096K)
 Metaspace       used 52834K, capacity 53239K, committed 53504K, reserved 1095680K
  class space    used 6390K, capacity 6534K, committed 6656K, reserved 1048576K
}
Event: 4.298 GC heap after
{Heap after GC invocations=15 (full 0):
 garbage-first heap   total 70656K, used 21174K [0x0000000081a00000, 0x0000000100000000)
  region size 1024K, 3 young (3072K), 3 survivors (3072K)
 Metaspace       used 52834K, capacity 53239K, committed 53504K, reserved 1095680K
  class space    used 6390K, capacity 6534K, committed 6656K, reserved 1048576K
}
Event: 4.482 GC heap before
{Heap before GC invocations=15 (full 0):
 garbage-first heap   total 70656K, used 51894K [0x0000000081a00000, 0x0000000100000000)
  region size 1024K, 33 young (33792K), 3 survivors (3072K)
 Metaspace       used 54311K, capacity 54720K, committed 54912K, reserved 1097728K
  class space    used 6558K, capacity 6728K, committed 6784K, reserved 1048576K
}
Event: 4.485 GC heap after
{Heap after GC invocations=16 (full 0):
 garbage-first heap   total 70656K, used 23344K [0x0000000081a00000, 0x0000000100000000)
  region size 1024K, 5 young (5120K), 5 survivors (5120K)
 Metaspace       used 54311K, capacity 54720K, committed 54912K, reserved 1097728K
  class space    used 6558K, capacity 6728K, committed 6784K, reserved 1048576K
}
Event: 4.979 GC heap before
{Heap before GC invocations=16 (full 0):
 garbage-first heap   total 70656K, used 43824K [0x0000000081a00000, 0x0000000100000000)
  region size 1024K, 27 young (27648K), 5 survivors (5120K)
 Metaspace       used 59534K, capacity 60010K, committed 60160K, reserved 1101824K
  class space    used 7373K, capacity 7570K, committed 7680K, reserved 1048576K
}
Event: 4.982 GC heap after
{Heap after GC invocations=17 (full 0):
 garbage-first heap   total 70656K, used 24536K [0x0000000081a00000, 0x0000000100000000)
  region size 1024K, 4 young (4096K), 4 survivors (4096K)
 Metaspace       used 59534K, capacity 60010K, committed 60160K, reserved 1101824K
  class space    used 7373K, capacity 7570K, committed 7680K, reserved 1048576K
}
Event: 5.653 GC heap before
{Heap before GC invocations=18 (full 0):
 garbage-first heap   total 70656K, used 54232K [0x0000000081a00000, 0x0000000100000000)
  region size 1024K, 33 young (33792K), 4 survivors (4096K)
 Metaspace       used 64302K, capacity 64737K, committed 65024K, reserved 1105920K
  class space    used 8004K, capacity 8159K, committed 8192K, reserved 1048576K
}
Event: 5.658 GC heap after
{Heap after GC invocations=19 (full 0):
 garbage-first heap   total 70656K, used 27039K [0x0000000081a00000, 0x0000000100000000)
  region size 1024K, 4 young (4096K), 4 survivors (4096K)
 Metaspace       used 64302K, capacity 64737K, committed 65024K, reserved 1105920K
  class space    used 8004K, capacity 8159K, committed 8192K, reserved 1048576K
}
Event: 6.235 GC heap before
{Heap before GC invocations=19 (full 0):
 garbage-first heap   total 70656K, used 54687K [0x0000000081a00000, 0x0000000100000000)
  region size 1024K, 31 young (31744K), 4 survivors (4096K)
 Metaspace       used 68125K, capacity 68688K, committed 68992K, reserved 1110016K
  class space    used 8524K, capacity 8723K, committed 8832K, reserved 1048576K
}
Event: 6.242 GC heap after
{Heap after GC invocations=20 (full 0):
 garbage-first heap   total 70656K, used 29801K [0x0000000081a00000, 0x0000000100000000)
  region size 1024K, 3 young (3072K), 3 survivors (3072K)
 Metaspace       used 68125K, capacity 68688K, committed 68992K, reserved 1110016K
  class space    used 8524K, capacity 8723K, committed 8832K, reserved 1048576K
}
Event: 40.923 GC heap before
{Heap before GC invocations=20 (full 0):
 garbage-first heap   total 70656K, used 54377K [0x0000000081a00000, 0x0000000100000000)
  region size 1024K, 28 young (28672K), 3 survivors (3072K)
 Metaspace       used 73837K, capacity 74370K, committed 74496K, reserved 1114112K
  class space    used 9206K, capacity 9399K, committed 9472K, reserved 1048576K
}
Event: 40.937 GC heap after
{Heap after GC invocations=21 (full 0):
 garbage-first heap   total 84992K, used 32234K [0x0000000081a00000, 0x0000000100000000)
  region size 1024K, 3 young (3072K), 3 survivors (3072K)
 Metaspace       used 73837K, capacity 74370K, committed 74496K, reserved 1114112K
  class space    used 9206K, capacity 9399K, committed 9472K, reserved 1048576K
}

